[24/7/2016 - 0:14:11]: Server has started.
[24/7/2016 - 0:14:15]: Request for /folder received.
[24/7/2016 - 0:14:15]: About to route a request for /folder
[24/7/2016 - 0:14:15]: Request handler 'getUserName' was called 
[24/7/2016 - 0:14:15]: Request for /folder.css received.
[24/7/2016 - 0:14:15]: About to route a request for /folder.css
[24/7/2016 - 0:14:15]: Request handler 'getCss' was called
[24/7/2016 - 0:14:16]: Request for /start received.
[24/7/2016 - 0:14:16]: About to route a request for /start
[24/7/2016 - 0:14:16]: Request handler 'start' was called
[24/7/2016 - 0:14:16]: Request for /start.css received.
[24/7/2016 - 0:14:16]: About to route a request for /start.css
[24/7/2016 - 0:14:16]: Request handler 'getCss' was called
[24/7/2016 - 0:14:20]: Request for /folder received.
[24/7/2016 - 0:14:20]: About to route a request for /folder
[24/7/2016 - 0:14:20]: Request handler 'getUserName' was called 
[24/7/2016 - 0:14:20]: Request for /folder.css received.
[24/7/2016 - 0:14:20]: About to route a request for /folder.css
[24/7/2016 - 0:14:20]: Request handler 'getCss' was called
[24/7/2016 - 0:14:22]: Request for /user_folder received.
[24/7/2016 - 0:14:22]: About to route a request for /user_folder
[24/7/2016 - 0:14:22]: Request handler 'listFolder' was called 
[24/7/2016 - 0:14:22]: about to parse
[24/7/2016 - 0:14:22]: received username:{ fields: { username: 'gal' } }
[24/7/2016 - 0:14:22]: Request for /user_folder.css received.
[24/7/2016 - 0:14:22]: About to route a request for /user_folder.css
[24/7/2016 - 0:14:22]: Request handler 'getCss' was called
[24/7/2016 - 0:14:24]: Request for /user_folder received.
[24/7/2016 - 0:14:24]: About to route a request for /user_folder
[24/7/2016 - 0:14:24]: Request handler 'listFolder' was called 
[24/7/2016 - 0:14:24]: about to parse
[24/7/2016 - 0:14:24]: received username:{ fields: {} }
[24/7/2016 - 0:14:24]: Error: ENOENT: no such file or directory, scandir 'C:\nodeJS\tmp\undefined'
[24/7/2016 - 0:14:24]: Request for /user_folder.css received.
[24/7/2016 - 0:14:24]: About to route a request for /user_folder.css
[24/7/2016 - 0:14:24]: Request handler 'getCss' was called
[24/7/2016 - 0:15:46]: Request for /start received.
[24/7/2016 - 0:15:46]: About to route a request for /start
[24/7/2016 - 0:15:46]: Request handler 'start' was called
[24/7/2016 - 0:15:46]: Request for /start.css received.
[24/7/2016 - 0:15:46]: About to route a request for /start.css
[24/7/2016 - 0:15:46]: Request handler 'getCss' was called
